<?xml version="1.0" encoding="UTF-8"?>
<!-- Generated by org.testng.reporters.JUnitXMLReporter -->
<testsuite ignored="0" hostname="LAPTOP-J50UHHCV" failures="0" tests="2" name="Test Runner3" time="0.123" errors="0" timestamp="2023-02-16T14:25:32 IST">
  <testcase classname="CrossBrowserParallelExecution.BaseClass" name="@BeforeMethod Methodsetup" time="-1.676537732199E9">
    <failure type="org.testng.TestNGException" message="
Parameter &amp;apos;Browser&amp;apos; is required by BeforeMethod on method Methodsetup but has not been marked @Optional or defined
in D:\JAVA\Selenium Automation\CrossBrowserparallelExecution.xml">
      <![CDATA[org.testng.TestNGException: 
Parameter 'Browser' is required by BeforeMethod on method Methodsetup but has not been marked @Optional or defined
in D:\JAVA\Selenium Automation\CrossBrowserparallelExecution.xml
at java.base/java.util.ArrayList.forEach(ArrayList.java:1511)
at java.base/java.util.concurrent.FutureTask.run(FutureTask.java:264)
at java.base/java.util.concurrent.ThreadPoolExecutor.runWorker(ThreadPoolExecutor.java:1136)
at java.base/java.util.concurrent.ThreadPoolExecutor$Worker.run(ThreadPoolExecutor.java:635)
at java.base/java.lang.Thread.run(Thread.java:833)
... Removed 19 stack frames]]>
    </failure>
  </testcase> <!-- @BeforeMethod Methodsetup -->
  <testcase classname="CrossBrowserParallelExecution.BaseClass" name="@AfterMethod methodteardown" time="-1.676537732233E9">
    <skipped/>
  </testcase> <!-- @AfterMethod methodteardown -->
  <testcase classname="CrossBrowserParallelExecution.BaseClass" name="@BeforeMethod Methodsetup" time="-1.676537732242E9">
    <failure type="org.testng.TestNGException" message="
Parameter &amp;apos;Browser&amp;apos; is required by BeforeMethod on method Methodsetup but has not been marked @Optional or defined
in D:\JAVA\Selenium Automation\CrossBrowserparallelExecution.xml">
      <![CDATA[org.testng.TestNGException: 
Parameter 'Browser' is required by BeforeMethod on method Methodsetup but has not been marked @Optional or defined
in D:\JAVA\Selenium Automation\CrossBrowserparallelExecution.xml
at java.base/java.util.ArrayList.forEach(ArrayList.java:1511)
at java.base/java.util.concurrent.FutureTask.run(FutureTask.java:264)
at java.base/java.util.concurrent.ThreadPoolExecutor.runWorker(ThreadPoolExecutor.java:1136)
at java.base/java.util.concurrent.ThreadPoolExecutor$Worker.run(ThreadPoolExecutor.java:635)
at java.base/java.lang.Thread.run(Thread.java:833)
... Removed 19 stack frames]]>
    </failure>
  </testcase> <!-- @BeforeMethod Methodsetup -->
  <testcase classname="CrossBrowserParallelExecution.BaseClass" name="@AfterMethod methodteardown" time="-1.676537732256E9">
    <skipped/>
  </testcase> <!-- @AfterMethod methodteardown -->
  <testcase classname="CrossBrowserParallelExecution.Test2" name="swiggytest" time="0.0">
    <skipped/>
  </testcase> <!-- swiggytest -->
  <testcase classname="CrossBrowserParallelExecution.Test1" name="googletest" time="0.0">
    <skipped/>
  </testcase> <!-- googletest -->
</testsuite> <!-- Test Runner3 -->
